<?xml version="1.0" encoding="UTF-8"?>
<testsuite xmlns:xsi="http://www.w3.org/2001/XMLSchema-instance" xsi:noNamespaceSchemaLocation="https://maven.apache.org/surefire/maven-surefire-plugin/xsd/surefire-test-report.xsd" version="3.0.2" name="com.example.gameflixfinalproject.GameflixFinalprojectApplicationTests" time="19.328" tests="1" errors="0" skipped="0" failures="0">
  <properties>
[...]
</properties>
  <testcase name="contextLoads" classname="com.example.gameflixfinalproject.GameflixFinalprojectApplicationTests" time="1.064">
    <system-out><![CDATA[09:07:11.962 [main] INFO org.springframework.test.context.support.AnnotationConfigContextLoaderUtils -- Could not detect default configuration classes for test class [com.example.gameflixfinalproject.GameflixFinalprojectApplicationTests]: GameflixFinalprojectApplicationTests does not declare any static, non-private, non-final, nested classes annotated with @Configuration.
09:07:12.406 [main] INFO org.springframework.boot.test.context.SpringBootTestContextBootstrapper -- Found @SpringBootConfiguration com.example.gameflixfinalproject.GameflixFinalprojectApplication for test class com.example.gameflixfinalproject.GameflixFinalprojectApplicationTests
09:07:13.211 [main] INFO org.springframework.boot.devtools.restart.RestartApplicationListener -- Restart disabled due to context in which it is running

  .   ____          _            __ _ _
 /\\ / ___'_ __ _ _(_)_ __  __ _ \ \ \ \
( ( )\___ | '_ | '_| | '_ \/ _` | \ \ \ \
 \\/  ___)| |_)| | | | | || (_| |  ) ) ) )
  '  |____| .__|_| |_|_| |_\__, | / / / /
 =========|_|==============|___/=/_/_/_/

 :: Spring Boot ::                (v3.5.7)

2025-11-12T09:07:14.148-05:00  INFO 23320 --- [gameflix-finalproject] [           main] e.g.GameflixFinalprojectApplicationTests : Starting GameflixFinalprojectApplicationTests using Java 21.0.9 with PID 23320 (started by gea12 in C:\Users\gea12\HCDD 412\gameflix-finalproject)
2025-11-12T09:07:14.151-05:00  INFO 23320 --- [gameflix-finalproject] [           main] e.g.GameflixFinalprojectApplicationTests : No active profile set, falling back to 1 default profile: "default"
2025-11-12T09:07:16.791-05:00  INFO 23320 --- [gameflix-finalproject] [           main] .s.d.r.c.RepositoryConfigurationDelegate : Bootstrapping Spring Data JPA repositories in DEFAULT mode.
2025-11-12T09:07:17.079-05:00  INFO 23320 --- [gameflix-finalproject] [           main] .s.d.r.c.RepositoryConfigurationDelegate : Finished Spring Data repository scanning in 224 ms. Found 1 JPA repository interface.
2025-11-12T09:07:19.378-05:00  INFO 23320 --- [gameflix-finalproject] [           main] o.hibernate.jpa.internal.util.LogHelper  : HHH000204: Processing PersistenceUnitInfo [name: default]
2025-11-12T09:07:19.641-05:00  INFO 23320 --- [gameflix-finalproject] [           main] org.hibernate.Version                    : HHH000412: Hibernate ORM core version 6.6.33.Final
2025-11-12T09:07:19.794-05:00  INFO 23320 --- [gameflix-finalproject] [           main] o.h.c.internal.RegionFactoryInitiator    : HHH000026: Second-level cache disabled
2025-11-12T09:07:20.220-05:00 DEBUG 23320 --- [gameflix-finalproject] [           main] org.hibernate.type.BasicTypeRegistry     : Adding type registration boolean -> org.hibernate.type.BasicTypeReference@45c80312
2025-11-12T09:07:20.221-05:00 DEBUG 23320 --- [gameflix-finalproject] [           main] org.hibernate.type.BasicTypeRegistry     : Adding type registration boolean -> org.hibernate.type.BasicTypeReference@45c80312
2025-11-12T09:07:20.222-05:00 DEBUG 23320 --- [gameflix-finalproject] [           main] org.hibernate.type.BasicTypeRegistry     : Adding type registration java.lang.Boolean -> org.hibernate.type.BasicTypeReference@45c80312
2025-11-12T09:07:20.222-05:00 DEBUG 23320 --- [gameflix-finalproject] [           main] org.hibernate.type.BasicTypeRegistry     : Adding type registration numeric_boolean -> org.hibernate.type.BasicTypeReference@7bd38fed
2025-11-12T09:07:20.223-05:00 DEBUG 23320 --- [gameflix-finalproject] [           main] org.hibernate.type.BasicTypeRegistry     : Adding type registration org.hibernate.type.NumericBooleanConverter -> org.hibernate.type.BasicTypeReference@7bd38fed
2025-11-12T09:07:20.224-05:00 DEBUG 23320 --- [gameflix-finalproject] [           main] org.hibernate.type.BasicTypeRegistry     : Adding type registration true_false -> org.hibernate.type.BasicTypeReference@377dfb8d
2025-11-12T09:07:20.225-05:00 DEBUG 23320 --- [gameflix-finalproject] [           main] org.hibernate.type.BasicTypeRegistry     : Adding type registration org.hibernate.type.TrueFalseConverter -> org.hibernate.type.BasicTypeReference@377dfb8d
2025-11-12T09:07:20.225-05:00 DEBUG 23320 --- [gameflix-finalproject] [           main] org.hibernate.type.BasicTypeRegistry     : Adding type registration yes_no -> org.hibernate.type.BasicTypeReference@42a0786f
2025-11-12T09:07:20.226-05:00 DEBUG 23320 --- [gameflix-finalproject] [           main] org.hibernate.type.BasicTypeRegistry     : Adding type registration org.hibernate.type.YesNoConverter -> org.hibernate.type.BasicTypeReference@42a0786f
2025-11-12T09:07:20.227-05:00 DEBUG 23320 --- [gameflix-finalproject] [           main] org.hibernate.type.BasicTypeRegistry     : Adding type registration byte -> org.hibernate.type.BasicTypeReference@477523ba
2025-11-12T09:07:20.227-05:00 DEBUG 23320 --- [gameflix-finalproject] [           main] org.hibernate.type.BasicTypeRegistry     : Adding type registration byte -> org.hibernate.type.BasicTypeReference@477523ba
2025-11-12T09:07:20.228-05:00 DEBUG 23320 --- [gameflix-finalproject] [           main] org.hibernate.type.BasicTypeRegistry     : Adding type registration java.lang.Byte -> org.hibernate.type.BasicTypeReference@477523ba
2025-11-12T09:07:20.229-05:00 DEBUG 23320 --- [gameflix-finalproject] [           main] org.hibernate.type.BasicTypeRegistry     : Adding type registration binary -> org.hibernate.type.BasicTypeReference@203e705e
2025-11-12T09:07:20.230-05:00 DEBUG 23320 --- [gameflix-finalproject] [           main] org.hibernate.type.BasicTypeRegistry     : Adding type registration byte[] -> org.hibernate.type.BasicTypeReference@203e705e
2025-11-12T09:07:20.231-05:00 DEBUG 23320 --- [gameflix-finalproject] [           main] org.hibernate.type.BasicTypeRegistry     : Adding type registration [B -> org.hibernate.type.BasicTypeReference@203e705e
2025-11-12T09:07:20.232-05:00 DEBUG 23320 --- [gameflix-finalproject] [           main] org.hibernate.type.BasicTypeRegistry     : Adding type registration binary_wrapper -> org.hibernate.type.BasicTypeReference@78c74647
2025-11-12T09:07:20.233-05:00 DEBUG 23320 --- [gameflix-finalproject] [           main] org.hibernate.type.BasicTypeRegistry     : Adding type registration wrapper-binary -> org.hibernate.type.BasicTypeReference@78c74647
2025-11-12T09:07:20.234-05:00 DEBUG 23320 --- [gameflix-finalproject] [           main] org.hibernate.type.BasicTypeRegistry     : Adding type registration image -> org.hibernate.type.BasicTypeReference@39652a30
2025-11-12T09:07:20.235-05:00 DEBUG 23320 --- [gameflix-finalproject] [           main] org.hibernate.type.BasicTypeRegistry     : Adding type registration blob -> org.hibernate.type.BasicTypeReference@5763a655
2025-11-12T09:07:20.235-05:00 DEBUG 23320 --- [gameflix-finalproject] [           main] org.hibernate.type.BasicTypeRegistry     : Adding type registration java.sql.Blob -> org.hibernate.type.BasicTypeReference@5763a655
2025-11-12T09:07:20.236-05:00 DEBUG 23320 --- [gameflix-finalproject] [           main] org.hibernate.type.BasicTypeRegistry     : Adding type registration materialized_blob -> org.hibernate.type.BasicTypeReference@40c8067
2025-11-12T09:07:20.237-05:00 DEBUG 23320 --- [gameflix-finalproject] [           main] org.hibernate.type.BasicTypeRegistry     : Adding type registration materialized_blob_wrapper -> org.hibernate.type.BasicTypeReference@46bb0bdf
2025-11-12T09:07:20.238-05:00 DEBUG 23320 --- [gameflix-finalproject] [           main] org.hibernate.type.BasicTypeRegistry     : Adding type registration short -> org.hibernate.type.BasicTypeReference@561f9d92
2025-11-12T09:07:20.238-05:00 DEBUG 23320 --- [gameflix-finalproject] [           main] org.hibernate.type.BasicTypeRegistry     : Adding type registration short -> org.hibernate.type.BasicTypeReference@561f9d92
2025-11-12T09:07:20.239-05:00 DEBUG 23320 --- [gameflix-finalproject] [           main] org.hibernate.type.BasicTypeRegistry     : Adding type registration java.lang.Short -> org.hibernate.type.BasicTypeReference@561f9d92
2025-11-12T09:07:20.240-05:00 DEBUG 23320 --- [gameflix-finalproject] [           main] org.hibernate.type.BasicTypeRegistry     : Adding type registration integer -> org.hibernate.type.BasicTypeReference@1c84d80a
2025-11-12T09:07:20.241-05:00 DEBUG 23320 --- [gameflix-finalproject] [           main] org.hibernate.type.BasicTypeRegistry     : Adding type registration int -> org.hibernate.type.BasicTypeReference@1c84d80a
2025-11-12T09:07:20.242-05:00 DEBUG 23320 --- [gameflix-finalproject] [           main] org.hibernate.type.BasicTypeRegistry     : Adding type registration java.lang.Integer -> org.hibernate.type.BasicTypeReference@1c84d80a
2025-11-12T09:07:20.243-05:00 DEBUG 23320 --- [gameflix-finalproject] [           main] org.hibernate.type.BasicTypeRegistry     : Adding type registration long -> org.hibernate.type.BasicTypeReference@7ceb6c45
2025-11-12T09:07:20.243-05:00 DEBUG 23320 --- [gameflix-finalproject] [           main] org.hibernate.type.BasicTypeRegistry     : Adding type registration long -> org.hibernate.type.BasicTypeReference@7ceb6c45
2025-11-12T09:07:20.244-05:00 DEBUG 23320 --- [gameflix-finalproject] [           main] org.hibernate.type.BasicTypeRegistry     : Adding type registration java.lang.Long -> org.hibernate.type.BasicTypeReference@7ceb6c45
2025-11-12T09:07:20.245-05:00 DEBUG 23320 --- [gameflix-finalproject] [           main] org.hibernate.type.BasicTypeRegistry     : Adding type registration float -> org.hibernate.type.BasicTypeReference@629075f4
2025-11-12T09:07:20.245-05:00 DEBUG 23320 --- [gameflix-finalproject] [           main] org.hibernate.type.BasicTypeRegistry     : Adding type registration float -> org.hibernate.type.BasicTypeReference@629075f4
2025-11-12T09:07:20.246-05:00 DEBUG 23320 --- [gameflix-finalproject] [           main] org.hibernate.type.BasicTypeRegistry     : Adding type registration java.lang.Float -> org.hibernate.type.BasicTypeReference@629075f4
2025-11-12T09:07:20.246-05:00 DEBUG 23320 --- [gameflix-finalproject] [           main] org.hibernate.type.BasicTypeRegistry     : Adding type registration double -> org.hibernate.type.BasicTypeReference@48499739
2025-11-12T09:07:20.247-05:00 DEBUG 23320 --- [gameflix-finalproject] [           main] org.hibernate.type.BasicTypeRegistry     : Adding type registration double -> org.hibernate.type.BasicTypeReference@48499739
2025-11-12T09:07:20.247-05:00 DEBUG 23320 --- [gameflix-finalproject] [           main] org.hibernate.type.BasicTypeRegistry     : Adding type registration java.lang.Double -> org.hibernate.type.BasicTypeReference@48499739
2025-11-12T09:07:20.247-05:00 DEBUG 23320 --- [gameflix-finalproject] [           main] org.hibernate.type.BasicTypeRegistry     : Adding type registration big_integer -> org.hibernate.type.BasicTypeReference@723742b2
2025-11-12T09:07:20.248-05:00 DEBUG 23320 --- [gameflix-finalproject] [           main] org.hibernate.type.BasicTypeRegistry     : Adding type registration java.math.BigInteger -> org.hibernate.type.BasicTypeReference@723742b2
2025-11-12T09:07:20.248-05:00 DEBUG 23320 --- [gameflix-finalproject] [           main] org.hibernate.type.BasicTypeRegistry     : Adding type registration big_decimal -> org.hibernate.type.BasicTypeReference@559991f5
2025-11-12T09:07:20.249-05:00 DEBUG 23320 --- [gameflix-finalproject] [           main] org.hibernate.type.BasicTypeRegistry     : Adding type registration java.math.BigDecimal -> org.hibernate.type.BasicTypeReference@559991f5
2025-11-12T09:07:20.249-05:00 DEBUG 23320 --- [gameflix-finalproject] [           main] org.hibernate.type.BasicTypeRegistry     : Adding type registration character -> org.hibernate.type.BasicTypeReference@34c76167
2025-11-12T09:07:20.249-05:00 DEBUG 23320 --- [gameflix-finalproject] [           main] org.hibernate.type.BasicTypeRegistry     : Adding type registration char -> org.hibernate.type.BasicTypeReference@34c76167
2025-11-12T09:07:20.250-05:00 DEBUG 23320 --- [gameflix-finalproject] [           main] org.hibernate.type.BasicTypeRegistry     : Adding type registration java.lang.Character -> org.hibernate.type.BasicTypeReference@34c76167
2025-11-12T09:07:20.251-05:00 DEBUG 23320 --- [gameflix-finalproject] [           main] org.hibernate.type.BasicTypeRegistry     : Adding type registration character_nchar -> org.hibernate.type.BasicTypeReference@30b3d899
2025-11-12T09:07:20.251-05:00 DEBUG 23320 --- [gameflix-finalproject] [           main] org.hibernate.type.BasicTypeRegistry     : Adding type registration string -> org.hibernate.type.BasicTypeReference@78d92eef
2025-11-12T09:07:20.251-05:00 DEBUG 23320 --- [gameflix-finalproject] [           main] org.hibernate.type.BasicTypeRegistry     : Adding type registration java.lang.String -> org.hibernate.type.BasicTypeReference@78d92eef
2025-11-12T09:07:20.252-05:00 DEBUG 23320 --- [gameflix-finalproject] [           main] org.hibernate.type.BasicTypeRegistry     : Adding type registration nstring -> org.hibernate.type.BasicTypeReference@61d60e38
2025-11-12T09:07:20.253-05:00 DEBUG 23320 --- [gameflix-finalproject] [           main] org.hibernate.type.BasicTypeRegistry     : Adding type registration characters -> org.hibernate.type.BasicTypeReference@6e95973c
2025-11-12T09:07:20.253-05:00 DEBUG 23320 --- [gameflix-finalproject] [           main] org.hibernate.type.BasicTypeRegistry     : Adding type registration char[] -> org.hibernate.type.BasicTypeReference@6e95973c
2025-11-12T09:07:20.254-05:00 DEBUG 23320 --- [gameflix-finalproject] [           main] org.hibernate.type.BasicTypeRegistry     : Adding type registration [C -> org.hibernate.type.BasicTypeReference@6e95973c
2025-11-12T09:07:20.255-05:00 DEBUG 23320 --- [gameflix-finalproject] [           main] org.hibernate.type.BasicTypeRegistry     : Adding type registration wrapper-characters -> org.hibernate.type.BasicTypeReference@404ced67
2025-11-12T09:07:20.255-05:00 DEBUG 23320 --- [gameflix-finalproject] [           main] org.hibernate.type.BasicTypeRegistry     : Adding type registration text -> org.hibernate.type.BasicTypeReference@71531dd7
2025-11-12T09:07:20.256-05:00 DEBUG 23320 --- [gameflix-finalproject] [           main] org.hibernate.type.BasicTypeRegistry     : Adding type registration ntext -> org.hibernate.type.BasicTypeReference@20256a0b
2025-11-12T09:07:20.256-05:00 DEBUG 23320 --- [gameflix-finalproject] [           main] org.hibernate.type.BasicTypeRegistry     : Adding type registration clob -> org.hibernate.type.BasicTypeReference@624b3544
2025-11-12T09:07:20.257-05:00 DEBUG 23320 --- [gameflix-finalproject] [           main] org.hibernate.type.BasicTypeRegistry     : Adding type registration java.sql.Clob -> org.hibernate.type.BasicTypeReference@624b3544
2025-11-12T09:07:20.258-05:00 DEBUG 23320 --- [gameflix-finalproject] [           main] org.hibernate.type.BasicTypeRegistry     : Adding type registration nclob -> org.hibernate.type.BasicTypeReference@454bcbbf
2025-11-12T09:07:20.258-05:00 DEBUG 23320 --- [gameflix-finalproject] [           main] org.hibernate.type.BasicTypeRegistry     : Adding type registration java.sql.NClob -> org.hibernate.type.BasicTypeReference@454bcbbf
2025-11-12T09:07:20.259-05:00 DEBUG 23320 --- [gameflix-finalproject] [           main] org.hibernate.type.BasicTypeRegistry     : Adding type registration materialized_clob -> org.hibernate.type.BasicTypeReference@2c9fdb64
2025-11-12T09:07:20.260-05:00 DEBUG 23320 --- [gameflix-finalproject] [           main] org.hibernate.type.BasicTypeRegistry     : Adding type registration materialized_clob_char_array -> org.hibernate.type.BasicTypeReference@27e199ce
2025-11-12T09:07:20.260-05:00 DEBUG 23320 --- [gameflix-finalproject] [           main] org.hibernate.type.BasicTypeRegistry     : Adding type registration materialized_clob_character_array -> org.hibernate.type.BasicTypeReference@1c3b6963
2025-11-12T09:07:20.261-05:00 DEBUG 23320 --- [gameflix-finalproject] [           main] org.hibernate.type.BasicTypeRegistry     : Adding type registration materialized_nclob -> org.hibernate.type.BasicTypeReference@7364f68
2025-11-12T09:07:20.261-05:00 DEBUG 23320 --- [gameflix-finalproject] [           main] org.hibernate.type.BasicTypeRegistry     : Adding type registration materialized_nclob_character_array -> org.hibernate.type.BasicTypeReference@55a0f011
2025-11-12T09:07:20.262-05:00 DEBUG 23320 --- [gameflix-finalproject] [           main] org.hibernate.type.BasicTypeRegistry     : Adding type registration materialized_nclob_char_array -> org.hibernate.type.BasicTypeReference@7ea42c82
2025-11-12T09:07:20.263-05:00 DEBUG 23320 --- [gameflix-finalproject] [           main] org.hibernate.type.BasicTypeRegistry     : Adding type registration Duration -> org.hibernate.type.BasicTypeReference@39133244
2025-11-12T09:07:20.264-05:00 DEBUG 23320 --- [gameflix-finalproject] [           main] org.hibernate.type.BasicTypeRegistry     : Adding type registration java.time.Duration -> org.hibernate.type.BasicTypeReference@39133244
2025-11-12T09:07:20.264-05:00 DEBUG 23320 --- [gameflix-finalproject] [           main] org.hibernate.type.BasicTypeRegistry     : Adding type registration LocalDateTime -> org.hibernate.type.BasicTypeReference@ceb7701
2025-11-12T09:07:20.265-05:00 DEBUG 23320 --- [gameflix-finalproject] [           main] org.hibernate.type.BasicTypeRegistry     : Adding type registration java.time.LocalDateTime -> org.hibernate.type.BasicTypeReference@ceb7701
2025-11-12T09:07:20.266-05:00 DEBUG 23320 --- [gameflix-finalproject] [           main] org.hibernate.type.BasicTypeRegistry     : Adding type registration LocalDate -> org.hibernate.type.BasicTypeReference@5e193ef5
2025-11-12T09:07:20.266-05:00 DEBUG 23320 --- [gameflix-finalproject] [           main] org.hibernate.type.BasicTypeRegistry     : Adding type registration java.time.LocalDate -> org.hibernate.type.BasicTypeReference@5e193ef5
2025-11-12T09:07:20.267-05:00 DEBUG 23320 --- [gameflix-finalproject] [           main] org.hibernate.type.BasicTypeRegistry     : Adding type registration LocalTime -> org.hibernate.type.BasicTypeReference@106c988
2025-11-12T09:07:20.267-05:00 DEBUG 23320 --- [gameflix-finalproject] [           main] org.hibernate.type.BasicTypeRegistry     : Adding type registration java.time.LocalTime -> org.hibernate.type.BasicTypeReference@106c988
2025-11-12T09:07:20.268-05:00 DEBUG 23320 --- [gameflix-finalproject] [           main] org.hibernate.type.BasicTypeRegistry     : Adding type registration OffsetDateTime -> org.hibernate.type.BasicTypeReference@21274afe
2025-11-12T09:07:20.269-05:00 DEBUG 23320 --- [gameflix-finalproject] [           main] org.hibernate.type.BasicTypeRegistry     : Adding type registration java.time.OffsetDateTime -> org.hibernate.type.BasicTypeReference@21274afe
2025-11-12T09:07:20.269-05:00 DEBUG 23320 --- [gameflix-finalproject] [           main] org.hibernate.type.BasicTypeRegistry     : Adding type registration OffsetDateTimeWithTimezone -> org.hibernate.type.BasicTypeReference@76a362a4
2025-11-12T09:07:20.270-05:00 DEBUG 23320 --- [gameflix-finalproject] [           main] org.hibernate.type.BasicTypeRegistry     : Adding type registration OffsetDateTimeWithoutTimezone -> org.hibernate.type.BasicTypeReference@61da0413
2025-11-12T09:07:20.270-05:00 DEBUG 23320 --- [gameflix-finalproject] [           main] org.hibernate.type.BasicTypeRegistry     : Adding type registration OffsetTime -> org.hibernate.type.BasicTypeReference@5627cb29
2025-11-12T09:07:20.271-05:00 DEBUG 23320 --- [gameflix-finalproject] [           main] org.hibernate.type.BasicTypeRegistry     : Adding type registration java.time.OffsetTime -> org.hibernate.type.BasicTypeReference@5627cb29
2025-11-12T09:07:20.271-05:00 DEBUG 23320 --- [gameflix-finalproject] [           main] org.hibernate.type.BasicTypeRegistry     : Adding type registration OffsetTimeUtc -> org.hibernate.type.BasicTypeReference@4d4c1ba9
2025-11-12T09:07:20.272-05:00 DEBUG 23320 --- [gameflix-finalproject] [           main] org.hibernate.type.BasicTypeRegistry     : Adding type registration OffsetTimeWithTimezone -> org.hibernate.type.BasicTypeReference@2017f6e6
2025-11-12T09:07:20.272-05:00 DEBUG 23320 --- [gameflix-finalproject] [           main] org.hibernate.type.BasicTypeRegistry     : Adding type registration OffsetTimeWithoutTimezone -> org.hibernate.type.BasicTypeReference@115c946b
2025-11-12T09:07:20.273-05:00 DEBUG 23320 --- [gameflix-finalproject] [           main] org.hibernate.type.BasicTypeRegistry     : Adding type registration ZonedDateTime -> org.hibernate.type.BasicTypeReference@79ca7bea
2025-11-12T09:07:20.274-05:00 DEBUG 23320 --- [gameflix-finalproject] [           main] org.hibernate.type.BasicTypeRegistry     : Adding type registration java.time.ZonedDateTime -> org.hibernate.type.BasicTypeReference@79ca7bea
2025-11-12T09:07:20.274-05:00 DEBUG 23320 --- [gameflix-finalproject] [           main] org.hibernate.type.BasicTypeRegistry     : Adding type registration ZonedDateTimeWithTimezone -> org.hibernate.type.BasicTypeReference@54f6b629
2025-11-12T09:07:20.275-05:00 DEBUG 23320 --- [gameflix-finalproject] [           main] org.hibernate.type.BasicTypeRegistry     : Adding type registration ZonedDateTimeWithoutTimezone -> org.hibernate.type.BasicTypeReference@4bc9ca97
2025-11-12T09:07:20.275-05:00 DEBUG 23320 --- [gameflix-finalproject] [           main] org.hibernate.type.BasicTypeRegistry     : Adding type registration date -> org.hibernate.type.BasicTypeReference@3e43f049
2025-11-12T09:07:20.276-05:00 DEBUG 23320 --- [gameflix-finalproject] [           main] org.hibernate.type.BasicTypeRegistry     : Adding type registration java.sql.Date -> org.hibernate.type.BasicTypeReference@3e43f049
2025-11-12T09:07:20.277-05:00 DEBUG 23320 --- [gameflix-finalproject] [           main] org.hibernate.type.BasicTypeRegistry     : Adding type registration time -> org.hibernate.type.BasicTypeReference@147cc940
2025-11-12T09:07:20.277-05:00 DEBUG 23320 --- [gameflix-finalproject] [           main] org.hibernate.type.BasicTypeRegistry     : Adding type registration java.sql.Time -> org.hibernate.type.BasicTypeReference@147cc940
2025-11-12T09:07:20.277-05:00 DEBUG 23320 --- [gameflix-finalproject] [           main] org.hibernate.type.BasicTypeRegistry     : Adding type registration timestamp -> org.hibernate.type.BasicTypeReference@755a7218
2025-11-12T09:07:20.278-05:00 DEBUG 23320 --- [gameflix-finalproject] [           main] org.hibernate.type.BasicTypeRegistry     : Adding type registration java.sql.Timestamp -> org.hibernate.type.BasicTypeReference@755a7218
2025-11-12T09:07:20.278-05:00 DEBUG 23320 --- [gameflix-finalproject] [           main] org.hibernate.type.BasicTypeRegistry     : Adding type registration java.util.Date -> org.hibernate.type.BasicTypeReference@755a7218
2025-11-12T09:07:20.279-05:00 DEBUG 23320 --- [gameflix-finalproject] [           main] org.hibernate.type.BasicTypeRegistry     : Adding type registration calendar -> org.hibernate.type.BasicTypeReference@70c29356
2025-11-12T09:07:20.279-05:00 DEBUG 23320 --- [gameflix-finalproject] [           main] org.hibernate.type.BasicTypeRegistry     : Adding type registration java.util.Calendar -> org.hibernate.type.BasicTypeReference@70c29356
2025-11-12T09:07:20.280-05:00 DEBUG 23320 --- [gameflix-finalproject] [           main] org.hibernate.type.BasicTypeRegistry     : Adding type registration java.util.GregorianCalendar -> org.hibernate.type.BasicTypeReference@70c29356
2025-11-12T09:07:20.280-05:00 DEBUG 23320 --- [gameflix-finalproject] [           main] org.hibernate.type.BasicTypeRegistry     : Adding type registration calendar_date -> org.hibernate.type.BasicTypeReference@5122e4bf
2025-11-12T09:07:20.280-05:00 DEBUG 23320 --- [gameflix-finalproject] [           main] org.hibernate.type.BasicTypeRegistry     : Adding type registration calendar_time -> org.hibernate.type.BasicTypeReference@23e61112
2025-11-12T09:07:20.281-05:00 DEBUG 23320 --- [gameflix-finalproject] [           main] org.hibernate.type.BasicTypeRegistry     : Adding type registration instant -> org.hibernate.type.BasicTypeReference@58a7dc4
2025-11-12T09:07:20.281-05:00 DEBUG 23320 --- [gameflix-finalproject] [           main] org.hibernate.type.BasicTypeRegistry     : Adding type registration java.time.Instant -> org.hibernate.type.BasicTypeReference@58a7dc4
2025-11-12T09:07:20.282-05:00 DEBUG 23320 --- [gameflix-finalproject] [           main] org.hibernate.type.BasicTypeRegistry     : Adding type registration uuid -> org.hibernate.type.BasicTypeReference@61b60600
2025-11-12T09:07:20.282-05:00 DEBUG 23320 --- [gameflix-finalproject] [           main] org.hibernate.type.BasicTypeRegistry     : Adding type registration java.util.UUID -> org.hibernate.type.BasicTypeReference@61b60600
2025-11-12T09:07:20.282-05:00 DEBUG 23320 --- [gameflix-finalproject] [           main] org.hibernate.type.BasicTypeRegistry     : Adding type registration pg-uuid -> org.hibernate.type.BasicTypeReference@61b60600
2025-11-12T09:07:20.283-05:00 DEBUG 23320 --- [gameflix-finalproject] [           main] org.hibernate.type.BasicTypeRegistry     : Adding type registration uuid-binary -> org.hibernate.type.BasicTypeReference@27f71195
2025-11-12T09:07:20.283-05:00 DEBUG 23320 --- [gameflix-finalproject] [           main] org.hibernate.type.BasicTypeRegistry     : Adding type registration uuid-char -> org.hibernate.type.BasicTypeReference@340afaf8
2025-11-12T09:07:20.284-05:00 DEBUG 23320 --- [gameflix-finalproject] [           main] org.hibernate.type.BasicTypeRegistry     : Adding type registration class -> org.hibernate.type.BasicTypeReference@6238d5e0
2025-11-12T09:07:20.284-05:00 DEBUG 23320 --- [gameflix-finalproject] [           main] org.hibernate.type.BasicTypeRegistry     : Adding type registration java.lang.Class -> org.hibernate.type.BasicTypeReference@6238d5e0
2025-11-12T09:07:20.285-05:00 DEBUG 23320 --- [gameflix-finalproject] [           main] org.hibernate.type.BasicTypeRegistry     : Adding type registration currency -> org.hibernate.type.BasicTypeReference@336f49a1
2025-11-12T09:07:20.286-05:00 DEBUG 23320 --- [gameflix-finalproject] [           main] org.hibernate.type.BasicTypeRegistry     : Adding type registration Currency -> org.hibernate.type.BasicTypeReference@336f49a1
2025-11-12T09:07:20.286-05:00 DEBUG 23320 --- [gameflix-finalproject] [           main] org.hibernate.type.BasicTypeRegistry     : Adding type registration java.util.Currency -> org.hibernate.type.BasicTypeReference@336f49a1
2025-11-12T09:07:20.287-05:00 DEBUG 23320 --- [gameflix-finalproject] [           main] org.hibernate.type.BasicTypeRegistry     : Adding type registration locale -> org.hibernate.type.BasicTypeReference@2c8b8de0
2025-11-12T09:07:20.287-05:00 DEBUG 23320 --- [gameflix-finalproject] [           main] org.hibernate.type.BasicTypeRegistry     : Adding type registration java.util.Locale -> org.hibernate.type.BasicTypeReference@2c8b8de0
2025-11-12T09:07:20.287-05:00 DEBUG 23320 --- [gameflix-finalproject] [           main] org.hibernate.type.BasicTypeRegistry     : Adding type registration serializable -> org.hibernate.type.BasicTypeReference@4fb57fb3
2025-11-12T09:07:20.288-05:00 DEBUG 23320 --- [gameflix-finalproject] [           main] org.hibernate.type.BasicTypeRegistry     : Adding type registration java.io.Serializable -> org.hibernate.type.BasicTypeReference@4fb57fb3
2025-11-12T09:07:20.289-05:00 DEBUG 23320 --- [gameflix-finalproject] [           main] org.hibernate.type.BasicTypeRegistry     : Adding type registration timezone -> org.hibernate.type.BasicTypeReference@6b063470
2025-11-12T09:07:20.289-05:00 DEBUG 23320 --- [gameflix-finalproject] [           main] org.hibernate.type.BasicTypeRegistry     : Adding type registration java.util.TimeZone -> org.hibernate.type.BasicTypeReference@6b063470
2025-11-12T09:07:20.290-05:00 DEBUG 23320 --- [gameflix-finalproject] [           main] org.hibernate.type.BasicTypeRegistry     : Adding type registration ZoneOffset -> org.hibernate.type.BasicTypeReference@226d5af0
2025-11-12T09:07:20.290-05:00 DEBUG 23320 --- [gameflix-finalproject] [           main] org.hibernate.type.BasicTypeRegistry     : Adding type registration java.time.ZoneOffset -> org.hibernate.type.BasicTypeReference@226d5af0
2025-11-12T09:07:20.291-05:00 DEBUG 23320 --- [gameflix-finalproject] [           main] org.hibernate.type.BasicTypeRegistry     : Adding type registration url -> org.hibernate.type.BasicTypeReference@527937d0
2025-11-12T09:07:20.292-05:00 DEBUG 23320 --- [gameflix-finalproject] [           main] org.hibernate.type.BasicTypeRegistry     : Adding type registration java.net.URL -> org.hibernate.type.BasicTypeReference@527937d0
2025-11-12T09:07:20.292-05:00 DEBUG 23320 --- [gameflix-finalproject] [           main] org.hibernate.type.BasicTypeRegistry     : Adding type registration vector -> org.hibernate.type.BasicTypeReference@36d582cb
2025-11-12T09:07:20.293-05:00 DEBUG 23320 --- [gameflix-finalproject] [           main] org.hibernate.type.BasicTypeRegistry     : Adding type registration float_vector -> org.hibernate.type.BasicTypeReference@6c2a95d5
2025-11-12T09:07:20.293-05:00 DEBUG 23320 --- [gameflix-finalproject] [           main] org.hibernate.type.BasicTypeRegistry     : Adding type registration double_vector -> org.hibernate.type.BasicTypeReference@24d8f87a
2025-11-12T09:07:20.294-05:00 DEBUG 23320 --- [gameflix-finalproject] [           main] org.hibernate.type.BasicTypeRegistry     : Adding type registration byte_vector -> org.hibernate.type.BasicTypeReference@3f048c86
2025-11-12T09:07:20.295-05:00 DEBUG 23320 --- [gameflix-finalproject] [           main] org.hibernate.type.BasicTypeRegistry     : Adding type registration row_version -> org.hibernate.type.BasicTypeReference@255d9277
2025-11-12T09:07:20.325-05:00 DEBUG 23320 --- [gameflix-finalproject] [           main] org.hibernate.type.BasicTypeRegistry     : Adding type registration object -> org.hibernate.type.JavaObjectType@7f22687e
2025-11-12T09:07:20.326-05:00 DEBUG 23320 --- [gameflix-finalproject] [           main] org.hibernate.type.BasicTypeRegistry     : Adding type registration java.lang.Object -> org.hibernate.type.JavaObjectType@7f22687e
2025-11-12T09:07:20.335-05:00 DEBUG 23320 --- [gameflix-finalproject] [           main] org.hibernate.type.BasicTypeRegistry     : Adding type registration null -> org.hibernate.type.NullType@1bee0085
2025-11-12T09:07:20.336-05:00 DEBUG 23320 --- [gameflix-finalproject] [           main] org.hibernate.type.BasicTypeRegistry     : Adding type registration imm_date -> org.hibernate.type.BasicTypeReference@16e1219f
2025-11-12T09:07:20.337-05:00 DEBUG 23320 --- [gameflix-finalproject] [           main] org.hibernate.type.BasicTypeRegistry     : Adding type registration imm_time -> org.hibernate.type.BasicTypeReference@13f40d71
2025-11-12T09:07:20.338-05:00 DEBUG 23320 --- [gameflix-finalproject] [           main] org.hibernate.type.BasicTypeRegistry     : Adding type registration imm_timestamp -> org.hibernate.type.BasicTypeReference@73a845cb
2025-11-12T09:07:20.338-05:00 DEBUG 23320 --- [gameflix-finalproject] [           main] org.hibernate.type.BasicTypeRegistry     : Adding type registration imm_calendar -> org.hibernate.type.BasicTypeReference@18a98913
2025-11-12T09:07:20.338-05:00 DEBUG 23320 --- [gameflix-finalproject] [           main] org.hibernate.type.BasicTypeRegistry     : Adding type registration imm_calendar_date -> org.hibernate.type.BasicTypeReference@7dbae40
2025-11-12T09:07:20.338-05:00 DEBUG 23320 --- [gameflix-finalproject] [           main] org.hibernate.type.BasicTypeRegistry     : Adding type registration imm_calendar_time -> org.hibernate.type.BasicTypeReference@34f7b44f
2025-11-12T09:07:20.339-05:00 DEBUG 23320 --- [gameflix-finalproject] [           main] org.hibernate.type.BasicTypeRegistry     : Adding type registration imm_binary -> org.hibernate.type.BasicTypeReference@5403907
2025-11-12T09:07:20.339-05:00 DEBUG 23320 --- [gameflix-finalproject] [           main] org.hibernate.type.BasicTypeRegistry     : Adding type registration imm_serializable -> org.hibernate.type.BasicTypeReference@5175d9ad
2025-11-12T09:07:21.364-05:00  INFO 23320 --- [gameflix-finalproject] [           main] o.s.o.j.p.SpringPersistenceUnitInfo      : No LoadTimeWeaver setup: ignoring JPA class transformer
2025-11-12T09:07:21.508-05:00  INFO 23320 --- [gameflix-finalproject] [           main] com.zaxxer.hikari.HikariDataSource       : HikariPool-1 - Starting...
2025-11-12T09:07:22.551-05:00  INFO 23320 --- [gameflix-finalproject] [           main] com.zaxxer.hikari.pool.HikariPool        : HikariPool-1 - Added connection com.mysql.cj.jdbc.ConnectionImpl@ca2cd5e
2025-11-12T09:07:22.557-05:00  INFO 23320 --- [gameflix-finalproject] [           main] com.zaxxer.hikari.HikariDataSource       : HikariPool-1 - Start completed.
2025-11-12T09:07:22.831-05:00  INFO 23320 --- [gameflix-finalproject] [           main] org.hibernate.orm.connections.pooling    : HHH10001005: Database info:
	Database JDBC URL [Connecting through datasource 'HikariDataSource (HikariPool-1)']
	Database driver: undefined/unknown
	Database version: 8.0.34
	Autocommit mode: undefined/unknown
	Isolation level: undefined/unknown
	Minimum pool size: undefined/unknown
	Maximum pool size: undefined/unknown
2025-11-12T09:07:22.861-05:00 DEBUG 23320 --- [gameflix-finalproject] [           main] o.h.t.d.sql.spi.DdlTypeRegistry          : addDescriptor(12, org.hibernate.type.descriptor.sql.internal.CapacityDependentDdlType@10a0a1e) replaced previous registration(org.hibernate.type.descriptor.sql.internal.CapacityDependentDdlType@2976ef56)
2025-11-12T09:07:22.862-05:00 DEBUG 23320 --- [gameflix-finalproject] [           main] o.h.t.d.sql.spi.DdlTypeRegistry          : addDescriptor(-9, org.hibernate.type.descriptor.sql.internal.CapacityDependentDdlType@4345fd45) replaced previous registration(org.hibernate.type.descriptor.sql.internal.CapacityDependentDdlType@4152bd0f)
2025-11-12T09:07:22.862-05:00 DEBUG 23320 --- [gameflix-finalproject] [           main] o.h.t.d.sql.spi.DdlTypeRegistry          : addDescriptor(-3, org.hibernate.type.descriptor.sql.internal.CapacityDependentDdlType@10d905c1) replaced previous registration(org.hibernate.type.descriptor.sql.internal.CapacityDependentDdlType@e4b54d3)
2025-11-12T09:07:22.862-05:00 DEBUG 23320 --- [gameflix-finalproject] [           main] o.h.t.d.sql.spi.DdlTypeRegistry          : addDescriptor(4003, org.hibernate.type.descriptor.sql.internal.DdlTypeImpl@62883f8a) replaced previous registration(org.hibernate.type.descriptor.sql.internal.DdlTypeImpl@36665c11)
2025-11-12T09:07:22.862-05:00 DEBUG 23320 --- [gameflix-finalproject] [           main] o.h.t.d.sql.spi.DdlTypeRegistry          : addDescriptor(4001, org.hibernate.type.descriptor.sql.internal.DdlTypeImpl@6e49b011) replaced previous registration(org.hibernate.type.descriptor.sql.internal.DdlTypeImpl@3a709cc7)
2025-11-12T09:07:22.862-05:00 DEBUG 23320 --- [gameflix-finalproject] [           main] o.h.t.d.sql.spi.DdlTypeRegistry          : addDescriptor(4002, org.hibernate.type.descriptor.sql.internal.DdlTypeImpl@19a7906c) replaced previous registration(org.hibernate.type.descriptor.sql.internal.DdlTypeImpl@1da5c19d)
2025-11-12T09:07:22.863-05:00 DEBUG 23320 --- [gameflix-finalproject] [           main] o.h.t.d.sql.spi.DdlTypeRegistry          : addDescriptor(2004, org.hibernate.type.descriptor.sql.internal.CapacityDependentDdlType@3e4f2300) replaced previous registration(org.hibernate.type.descriptor.sql.internal.DdlTypeImpl@e706aa)
2025-11-12T09:07:22.863-05:00 DEBUG 23320 --- [gameflix-finalproject] [           main] o.h.t.d.sql.spi.DdlTypeRegistry          : addDescriptor(2005, org.hibernate.type.descriptor.sql.internal.CapacityDependentDdlType@25e6c22a) replaced previous registration(org.hibernate.type.descriptor.sql.internal.DdlTypeImpl@16fc5622)
2025-11-12T09:07:22.863-05:00 DEBUG 23320 --- [gameflix-finalproject] [           main] o.h.t.d.sql.spi.DdlTypeRegistry          : addDescriptor(2011, org.hibernate.type.descriptor.sql.internal.CapacityDependentDdlType@516c20de) replaced previous registration(org.hibernate.type.descriptor.sql.internal.DdlTypeImpl@6906be0f)
2025-11-12T09:07:22.869-05:00 DEBUG 23320 --- [gameflix-finalproject] [           main] o.h.t.d.jdbc.spi.JdbcTypeRegistry        : addDescriptor(NCharTypeDescriptor) replaced previous registration(CharTypeDescriptor)
2025-11-12T09:07:22.869-05:00 DEBUG 23320 --- [gameflix-finalproject] [           main] o.h.t.d.jdbc.spi.JdbcTypeRegistry        : addDescriptor(NVarcharTypeDescriptor) replaced previous registration(VarcharTypeDescriptor)
2025-11-12T09:07:22.870-05:00 DEBUG 23320 --- [gameflix-finalproject] [           main] o.h.t.d.jdbc.spi.JdbcTypeRegistry        : addDescriptor(LongNVarcharTypeDescriptor) replaced previous registration(LongVarcharTypeDescriptor)
2025-11-12T09:07:22.876-05:00 DEBUG 23320 --- [gameflix-finalproject] [           main] o.h.t.d.jdbc.spi.JdbcTypeRegistry        : addDescriptor(NClobTypeDescriptor(DEFAULT)) replaced previous registration(ClobTypeDescriptor(DEFAULT))
2025-11-12T09:07:22.884-05:00 DEBUG 23320 --- [gameflix-finalproject] [           main] org.hibernate.type.BasicTypeRegistry     : Adding type registration null -> org.hibernate.type.NullType@681d704e
2025-11-12T09:07:22.884-05:00 DEBUG 23320 --- [gameflix-finalproject] [           main] org.hibernate.type.BasicTypeRegistry     : Type registration key [null] overrode previous entry : `org.hibernate.type.NullType@1bee0085`
2025-11-12T09:07:22.894-05:00 DEBUG 23320 --- [gameflix-finalproject] [           main] org.hibernate.type.BasicTypeRegistry     : Adding type registration org.hibernate.type.DurationType -> basicType@1(java.time.Duration,3015)
2025-11-12T09:07:22.894-05:00 DEBUG 23320 --- [gameflix-finalproject] [           main] org.hibernate.type.BasicTypeRegistry     : Adding type registration Duration -> basicType@1(java.time.Duration,3015)
2025-11-12T09:07:22.894-05:00 DEBUG 23320 --- [gameflix-finalproject] [           main] org.hibernate.type.BasicTypeRegistry     : Adding type registration java.time.Duration -> basicType@1(java.time.Duration,3015)
2025-11-12T09:07:22.904-05:00 DEBUG 23320 --- [gameflix-finalproject] [           main] org.hibernate.type.BasicTypeRegistry     : Adding type registration org.hibernate.type.OffsetDateTimeType -> basicType@2(java.time.OffsetDateTime,3003)
2025-11-12T09:07:22.904-05:00 DEBUG 23320 --- [gameflix-finalproject] [           main] org.hibernate.type.BasicTypeRegistry     : Adding type registration OffsetDateTime -> basicType@2(java.time.OffsetDateTime,3003)
2025-11-12T09:07:22.904-05:00 DEBUG 23320 --- [gameflix-finalproject] [           main] org.hibernate.type.BasicTypeRegistry     : Adding type registration java.time.OffsetDateTime -> basicType@2(java.time.OffsetDateTime,3003)
2025-11-12T09:07:22.904-05:00 DEBUG 23320 --- [gameflix-finalproject] [           main] org.hibernate.type.BasicTypeRegistry     : Adding type registration org.hibernate.type.ZonedDateTimeType -> basicType@3(java.time.ZonedDateTime,3003)
2025-11-12T09:07:22.904-05:00 DEBUG 23320 --- [gameflix-finalproject] [           main] org.hibernate.type.BasicTypeRegistry     : Adding type registration ZonedDateTime -> basicType@3(java.time.ZonedDateTime,3003)
2025-11-12T09:07:22.905-05:00 DEBUG 23320 --- [gameflix-finalproject] [           main] org.hibernate.type.BasicTypeRegistry     : Adding type registration java.time.ZonedDateTime -> basicType@3(java.time.ZonedDateTime,3003)
2025-11-12T09:07:22.906-05:00 DEBUG 23320 --- [gameflix-finalproject] [           main] org.hibernate.type.BasicTypeRegistry     : Adding type registration org.hibernate.type.OffsetTimeType -> basicType@4(java.time.OffsetTime,3007)
2025-11-12T09:07:22.907-05:00 DEBUG 23320 --- [gameflix-finalproject] [           main] org.hibernate.type.BasicTypeRegistry     : Adding type registration OffsetTime -> basicType@4(java.time.OffsetTime,3007)
2025-11-12T09:07:22.907-05:00 DEBUG 23320 --- [gameflix-finalproject] [           main] org.hibernate.type.BasicTypeRegistry     : Adding type registration java.time.OffsetTime -> basicType@4(java.time.OffsetTime,3007)
2025-11-12T09:07:22.910-05:00 DEBUG 23320 --- [gameflix-finalproject] [           main] o.h.type.spi.TypeConfiguration$Scope     : Scoping TypeConfiguration [org.hibernate.type.spi.TypeConfiguration@1a139347] to MetadataBuildingContext [org.hibernate.boot.internal.MetadataBuildingContextRootImpl@186295cc]
2025-11-12T09:07:25.304-05:00  INFO 23320 --- [gameflix-finalproject] [           main] o.h.e.t.j.p.i.JtaPlatformInitiator       : HHH000489: No JTA platform available (set 'hibernate.transaction.jta.platform' to enable JTA platform integration)
2025-11-12T09:07:25.306-05:00 DEBUG 23320 --- [gameflix-finalproject] [           main] o.h.type.spi.TypeConfiguration$Scope     : Scoping TypeConfiguration [org.hibernate.type.spi.TypeConfiguration@1a139347] to SessionFactoryImplementor [org.hibernate.internal.SessionFactoryImpl@2a349a73]
2025-11-12T09:07:25.551-05:00 TRACE 23320 --- [gameflix-finalproject] [           main] o.h.type.spi.TypeConfiguration$Scope     : Handling #sessionFactoryCreated from [org.hibernate.internal.SessionFactoryImpl@2a349a73] for TypeConfiguration
2025-11-12T09:07:25.552-05:00  INFO 23320 --- [gameflix-finalproject] [           main] j.LocalContainerEntityManagerFactoryBean : Initialized JPA EntityManagerFactory for persistence unit 'default'
2025-11-12T09:07:27.063-05:00  WARN 23320 --- [gameflix-finalproject] [           main] JpaBaseConfiguration$JpaWebConfiguration : spring.jpa.open-in-view is enabled by default. Therefore, database queries may be performed during view rendering. Explicitly configure spring.jpa.open-in-view to disable this warning
2025-11-12T09:07:27.226-05:00  WARN 23320 --- [gameflix-finalproject] [           main] .s.s.UserDetailsServiceAutoConfiguration : 

Using generated security password: 84acacb1-6c4f-4a9d-86cc-e593439c2598

This generated password is for development use only. Your security configuration must be updated before running your application in production.

2025-11-12T09:07:27.257-05:00  INFO 23320 --- [gameflix-finalproject] [           main] r$InitializeUserDetailsManagerConfigurer : Global AuthenticationManager configured with UserDetailsService bean with name inMemoryUserDetailsManager
2025-11-12T09:07:27.649-05:00  INFO 23320 --- [gameflix-finalproject] [           main] o.s.b.a.w.s.WelcomePageHandlerMapping    : Adding welcome page template: index
2025-11-12T09:07:29.649-05:00  INFO 23320 --- [gameflix-finalproject] [           main] e.g.GameflixFinalprojectApplicationTests : Started GameflixFinalprojectApplicationTests in 16.479 seconds (process running for 20.136)
]]></system-out>
    <system-err><![CDATA[Mockito is currently self-attaching to enable the inline-mock-maker. This will no longer work in future releases of the JDK. Please add Mockito as an agent to your build as described in Mockito's documentation: https://javadoc.io/doc/org.mockito/mockito-core/latest/org.mockito/org/mockito/Mockito.html#0.3
WARNING: A Java agent has been loaded dynamically (C:\Users\gea12\.m2\repository\net\bytebuddy\byte-buddy-agent\1.17.8\byte-buddy-agent-1.17.8.jar)
WARNING: If a serviceability tool is in use, please run with -XX:+EnableDynamicAgentLoading to hide this warning
WARNING: If a serviceability tool is not in use, please run with -Djdk.instrument.traceUsage for more information
WARNING: Dynamic loading of agents will be disallowed by default in a future release
]]></system-err>
  </testcase>
</testsuite>